<?xml version="1.0" encoding="UTF-8"?>
<!-- Generated by org.testng.reporters.JUnitReportReporter -->
<testsuite skipped="0" hostname="AvinsihPC" name="com.inetbanking.testCases.TC_LoginDDT_002" tests="1" failures="0" timestamp="08 Jul 2019 13:52:16 GMT" time="13.240" errors="0">
  <testcase name="loginDDT" time="13.240" classname="com.inetbanking.testCases.TC_LoginDDT_002"/>
</testsuite> <!-- com.inetbanking.testCases.TC_LoginDDT_002 -->
