<?xml version="1.0" encoding="UTF-8"?>
<!-- Generated by org.testng.reporters.JUnitReportReporter -->
<testsuite skipped="0" hostname="AvinsihPC" name="com.inetbanking.testCases.TestCase_LoginTest_001" tests="1" failures="0" timestamp="09 Jul 2019 12:43:04 GMT" time="6.113" errors="0">
  <testcase name="loginTest" time="6.113" classname="com.inetbanking.testCases.TestCase_LoginTest_001"/>
</testsuite> <!-- com.inetbanking.testCases.TestCase_LoginTest_001 -->
