<?xml version="1.0" encoding="UTF-8"?>
<!-- Generated by org.testng.reporters.JUnitReportReporter -->
<testsuite skipped="0" hostname="AvinsihPC" name="com.inetbanking.testCases.TestCase_AddCustomerTest_003" tests="1" failures="0" timestamp="11 Jul 2019 07:51:43 GMT" time="42.207" errors="0">
  <testcase name="addnewCustomer" time="42.207" classname="com.inetbanking.testCases.TestCase_AddCustomerTest_003"/>
</testsuite> <!-- com.inetbanking.testCases.TestCase_AddCustomerTest_003 -->
